2019-05-31 20:46:42 INFO  Car - Speed:   0.0; Angle:   EAST; Position:   2,3; Parcels:      0; Health: 100.0; Health Usage: 100.0; Fuel: 250.0; Tile: START
2019-05-31 20:46:42 INFO  Car - Speed:   1.0; Angle:   EAST; Position:   3,3; Parcels:      0; Health: 100.0; Health Usage: 100.0; Fuel: 249.0; Tile: ROAD
2019-05-31 20:46:42 INFO  Car - Speed:   1.0; Angle:   EAST; Position:   4,3; Parcels:      0; Health: 100.0; Health Usage: 100.0; Fuel: 248.0; Tile: ROAD
2019-05-31 20:46:42 INFO  Car - Speed:   1.0; Angle:   EAST; Position:   5,3; Parcels:      0; Health: 100.0; Health Usage: 100.0; Fuel: 247.0; Tile: ROAD
2019-05-31 20:46:42 INFO  Car - Speed:   1.0; Angle:   EAST; Position:   6,3; Parcels:      0; Health: 100.0; Health Usage: 100.0; Fuel: 246.0; Tile: ROAD
2019-05-31 20:46:42 INFO  Car - Speed:   1.0; Angle:   EAST; Position:   7,3; Parcels:      0; Health: 100.0; Health Usage: 100.0; Fuel: 245.0; Tile: ROAD
2019-05-31 20:46:42 INFO  Car - Speed:   1.0; Angle:   EAST; Position:   8,3; Parcels:      0; Health: 100.0; Health Usage: 100.0; Fuel: 244.0; Tile: ROAD
2019-05-31 20:46:42 INFO  Car - Speed:   1.0; Angle:   EAST; Position:   9,3; Parcels:      0; Health: 100.0; Health Usage: 100.0; Fuel: 243.0; Tile: ROAD
2019-05-31 20:46:42 INFO  Car - Speed:   1.0; Angle:   EAST; Position:  10,3; Parcels:      0; Health: 100.0; Health Usage: 100.0; Fuel: 242.0; Tile: ROAD
2019-05-31 20:46:42 INFO  Car - Speed:   1.0; Angle:   EAST; Position:  11,3; Parcels:      0; Health: 100.0; Health Usage: 100.0; Fuel: 241.0; Tile: ROAD
2019-05-31 20:46:42 INFO  Car - Speed:   1.0; Angle:   EAST; Position:  12,3; Parcels:      0; Health: 100.0; Health Usage: 100.0; Fuel: 240.0; Tile: ROAD
2019-05-31 20:46:42 INFO  Car - Speed:   1.0; Angle:   EAST; Position:  13,3; Parcels:      0; Health: 100.0; Health Usage: 100.0; Fuel: 239.0; Tile: ROAD
2019-05-31 20:46:43 INFO  Car - Speed:   1.0; Angle:   EAST; Position:  14,3; Parcels:      0; Health: 100.0; Health Usage: 100.0; Fuel: 238.0; Tile: ROAD
2019-05-31 20:46:43 INFO  Car - Speed:   1.0; Angle:   EAST; Position:  15,3; Parcels:      0; Health: 100.0; Health Usage: 100.0; Fuel: 237.0; Tile: ROAD
2019-05-31 20:46:43 INFO  Car - Speed:   1.0; Angle:  SOUTH; Position:  15,2; Parcels:      0; Health: 100.0; Health Usage: 100.0; Fuel: 236.0; Tile: ROAD
2019-05-31 20:46:43 INFO  Car - Speed:   1.0; Angle:   EAST; Position:  16,2; Parcels:      0; Health: 100.0; Health Usage: 100.0; Fuel: 235.0; Tile: ROAD
2019-05-31 20:46:43 INFO  Car - Speed:   1.0; Angle:   EAST; Position:  17,2; Parcels:      0; Health: 100.0; Health Usage: 100.0; Fuel: 234.0; Tile: ROAD
2019-05-31 20:46:43 INFO  Car - Speed:   1.0; Angle:   EAST; Position:  18,2; Parcels:      0; Health:  95.0; Health Usage: 100.0; Fuel: 233.0; Tile: TRAP(lava)
2019-05-31 20:46:43 INFO  Car - Speed:   1.0; Angle:   EAST; Position:  19,2; Parcels:      1; Health:  95.0; Health Usage: 100.0; Fuel: 232.0; Tile: ROAD
2019-05-31 20:46:43 INFO  Car - Speed:   1.0; Angle:   EAST; Position:  20,2; Parcels:      1; Health:  95.0; Health Usage: 100.0; Fuel: 231.0; Tile: ROAD
2019-05-31 20:46:43 INFO  Car - Speed:   1.0; Angle:   EAST; Position:  21,2; Parcels:      1; Health:  95.0; Health Usage: 100.0; Fuel: 230.0; Tile: ROAD
2019-05-31 20:46:43 INFO  Car - Speed:   1.0; Angle:   EAST; Position:  22,2; Parcels:      1; Health:  95.0; Health Usage: 100.0; Fuel: 229.0; Tile: ROAD
2019-05-31 20:46:43 INFO  Car - Speed:   1.0; Angle:   EAST; Position:  23,2; Parcels:      1; Health:  95.0; Health Usage: 100.0; Fuel: 228.0; Tile: ROAD
2019-05-31 20:46:43 INFO  Car - Speed:   1.0; Angle:  NORTH; Position:  23,3; Parcels:      1; Health:  95.0; Health Usage: 100.0; Fuel: 227.0; Tile: ROAD
2019-05-31 20:46:44 INFO  Car - Speed:   1.0; Angle:  NORTH; Position:  23,4; Parcels:      1; Health:  95.0; Health Usage: 100.0; Fuel: 226.0; Tile: ROAD
2019-05-31 20:46:44 INFO  Car - Speed:   1.0; Angle:  NORTH; Position:  23,5; Parcels:      1; Health:  95.0; Health Usage: 100.0; Fuel: 225.0; Tile: ROAD
2019-05-31 20:46:44 INFO  Car - Speed:   1.0; Angle:  NORTH; Position:  23,6; Parcels:      1; Health:  95.0; Health Usage: 100.0; Fuel: 224.0; Tile: ROAD
2019-05-31 20:46:44 INFO  Car - Speed:   1.0; Angle:  NORTH; Position:  23,7; Parcels:      1; Health:  95.0; Health Usage: 100.0; Fuel: 223.0; Tile: ROAD
2019-05-31 20:46:44 INFO  Car - Speed:   1.0; Angle:  NORTH; Position:  23,8; Parcels:      1; Health:  95.0; Health Usage: 100.0; Fuel: 222.0; Tile: ROAD
2019-05-31 20:46:44 INFO  Car - Speed:   1.0; Angle:  NORTH; Position:  23,9; Parcels:      1; Health:  95.0; Health Usage: 100.0; Fuel: 221.0; Tile: ROAD
2019-05-31 20:46:44 INFO  Car - Speed:   1.0; Angle:  NORTH; Position: 23,10; Parcels:      1; Health:  95.0; Health Usage: 100.0; Fuel: 220.0; Tile: ROAD
2019-05-31 20:46:44 INFO  Car - Speed:   1.0; Angle:  NORTH; Position: 23,11; Parcels:      1; Health:  95.0; Health Usage: 100.0; Fuel: 219.0; Tile: ROAD
2019-05-31 20:46:44 INFO  Car - Speed:   1.0; Angle:  NORTH; Position: 23,12; Parcels:      1; Health:  95.0; Health Usage: 100.0; Fuel: 218.0; Tile: ROAD
2019-05-31 20:46:44 INFO  Car - Speed:   1.0; Angle:  NORTH; Position: 23,13; Parcels:      1; Health:  95.0; Health Usage: 100.0; Fuel: 217.0; Tile: ROAD
2019-05-31 20:46:44 INFO  Car - Speed:   1.0; Angle:  NORTH; Position: 23,14; Parcels:      1; Health:  95.0; Health Usage: 100.0; Fuel: 216.0; Tile: ROAD
2019-05-31 20:46:44 INFO  Car - Speed:   1.0; Angle:  NORTH; Position: 23,15; Parcels:      2; Health:  95.0; Health Usage: 100.0; Fuel: 215.0; Tile: ROAD
2019-05-31 20:46:45 INFO  Car - Speed:   1.0; Angle:  NORTH; Position: 23,16; Parcels:      2; Health:  95.0; Health Usage: 100.0; Fuel: 214.0; Tile: FINISH
2019-05-31 20:46:45 INFO  Car - Speed:   1.0; Angle:  NORTH; Position: 23,17; Parcels:      2; Health:  95.0; Health Usage: 100.0; Fuel: 213.0; Tile: FINISH
2019-05-31 20:46:45 INFO  Car - Speed:   1.0; Angle:  NORTH; Position: 23,18; Parcels:      2; Health:  95.0; Health Usage: 100.0; Fuel: 212.0; Tile: FINISH
2019-05-31 20:46:45 INFO  Car - Speed:   1.0; Angle:   WEST; Position: 22,18; Parcels:      2; Health:  95.0; Health Usage: 100.0; Fuel: 211.0; Tile: FINISH
2019-05-31 20:46:45 INFO  Car - Speed:   1.0; Angle:   WEST; Position: 21,18; Parcels:      2; Health:  90.0; Health Usage: 100.0; Fuel: 210.0; Tile: TRAP(lava)
2019-05-31 20:46:45 INFO  Car - Speed:   1.0; Angle:   WEST; Position: 20,18; Parcels:      2; Health:  85.0; Health Usage: 100.0; Fuel: 209.0; Tile: TRAP(lava)
2019-05-31 20:46:45 INFO  Car - Speed:   1.0; Angle:  SOUTH; Position: 20,17; Parcels:      2; Health:  80.0; Health Usage: 100.0; Fuel: 208.0; Tile: TRAP(lava)
2019-05-31 20:46:45 INFO  Car - Speed:   1.0; Angle:  SOUTH; Position: 20,16; Parcels:      2; Health:  75.0; Health Usage: 100.0; Fuel: 207.0; Tile: TRAP(lava)
2019-05-31 20:46:45 INFO  Car - Speed:   1.0; Angle:  SOUTH; Position: 20,15; Parcels:      2; Health:  70.0; Health Usage: 100.0; Fuel: 206.0; Tile: TRAP(lava)
2019-05-31 20:46:45 INFO  Car - Speed:   1.0; Angle:  SOUTH; Position: 20,14; Parcels:      2; Health:  70.0; Health Usage: 100.0; Fuel: 205.0; Tile: ROAD
2019-05-31 20:46:45 INFO  Car - Speed:   1.0; Angle:  SOUTH; Position: 20,13; Parcels:      2; Health:  70.0; Health Usage: 100.0; Fuel: 204.0; Tile: ROAD
2019-05-31 20:46:45 INFO  Car - Speed:   1.0; Angle:  SOUTH; Position: 20,12; Parcels:      2; Health:  70.0; Health Usage: 100.0; Fuel: 203.0; Tile: ROAD
2019-05-31 20:46:46 INFO  Car - Speed:   1.0; Angle:  SOUTH; Position: 20,11; Parcels:      2; Health:  70.0; Health Usage: 100.0; Fuel: 202.0; Tile: ROAD
2019-05-31 20:46:46 INFO  Car - Speed:   1.0; Angle:  SOUTH; Position: 20,10; Parcels:      2; Health:  70.0; Health Usage: 100.0; Fuel: 201.0; Tile: ROAD
2019-05-31 20:46:46 INFO  Car - Speed:   1.0; Angle:  SOUTH; Position:  20,9; Parcels:      2; Health:  70.0; Health Usage: 100.0; Fuel: 200.0; Tile: ROAD
2019-05-31 20:46:46 INFO  Car - Speed:   1.0; Angle:  SOUTH; Position:  20,8; Parcels:      2; Health:  70.0; Health Usage: 100.0; Fuel: 199.0; Tile: ROAD
2019-05-31 20:46:46 INFO  Car - Speed:   1.0; Angle:  SOUTH; Position:  20,7; Parcels:      2; Health:  70.0; Health Usage: 100.0; Fuel: 198.0; Tile: ROAD
2019-05-31 20:46:46 INFO  Car - Speed:   1.0; Angle:  SOUTH; Position:  20,6; Parcels:      2; Health:  70.0; Health Usage: 100.0; Fuel: 197.0; Tile: ROAD
2019-05-31 20:46:46 INFO  Car - Speed:   1.0; Angle:  SOUTH; Position:  20,5; Parcels:      2; Health:  70.0; Health Usage: 100.0; Fuel: 196.0; Tile: ROAD
2019-05-31 20:46:46 INFO  Car - Speed:   1.0; Angle:   WEST; Position:  19,5; Parcels:      2; Health:  65.0; Health Usage: 100.0; Fuel: 195.0; Tile: TRAP(lava)
2019-05-31 20:46:46 INFO  Car - Speed:   1.0; Angle:   WEST; Position:  18,5; Parcels:      2; Health:  60.0; Health Usage: 100.0; Fuel: 194.0; Tile: TRAP(lava)
2019-05-31 20:46:46 INFO  Car - Speed:   1.0; Angle:   WEST; Position:  17,5; Parcels:      2; Health:  60.0; Health Usage: 100.0; Fuel: 193.0; Tile: ROAD
2019-05-31 20:46:46 INFO  Car - Speed:   1.0; Angle:   WEST; Position:  16,5; Parcels:      2; Health:  60.0; Health Usage: 100.0; Fuel: 192.0; Tile: ROAD
2019-05-31 20:46:46 INFO  Car - Speed:   1.0; Angle:   WEST; Position:  15,5; Parcels:      2; Health:  60.0; Health Usage: 100.0; Fuel: 191.0; Tile: ROAD
2019-05-31 20:46:47 INFO  Car - Speed:   1.0; Angle:   WEST; Position:  14,5; Parcels:      2; Health:  60.0; Health Usage: 100.0; Fuel: 190.0; Tile: ROAD
2019-05-31 20:46:47 INFO  Car - Speed:   1.0; Angle:   WEST; Position:  13,5; Parcels:      2; Health:  60.0; Health Usage: 100.0; Fuel: 189.0; Tile: ROAD
2019-05-31 20:46:47 INFO  Car - Speed:   1.0; Angle:   WEST; Position:  12,5; Parcels:      2; Health:  60.0; Health Usage: 100.0; Fuel: 188.0; Tile: ROAD
2019-05-31 20:46:47 INFO  Car - Speed:   1.0; Angle:   WEST; Position:  11,5; Parcels:      2; Health:  60.0; Health Usage: 100.0; Fuel: 187.0; Tile: ROAD
2019-05-31 20:46:47 INFO  Car - Speed:   1.0; Angle:   WEST; Position:  10,5; Parcels:      2; Health:  60.0; Health Usage: 100.0; Fuel: 186.0; Tile: ROAD
2019-05-31 20:46:47 INFO  Car - Speed:   1.0; Angle:   WEST; Position:   9,5; Parcels:      2; Health:  60.0; Health Usage: 100.0; Fuel: 185.0; Tile: ROAD
2019-05-31 20:46:47 INFO  Car - Speed:   1.0; Angle:   WEST; Position:   8,5; Parcels:      2; Health:  60.0; Health Usage: 100.0; Fuel: 184.0; Tile: ROAD
2019-05-31 20:46:47 INFO  Car - Speed:   1.0; Angle:  NORTH; Position:   8,6; Parcels:      2; Health:  60.0; Health Usage: 100.0; Fuel: 183.0; Tile: ROAD
2019-05-31 20:46:47 INFO  Car - Speed:   1.0; Angle:  NORTH; Position:   8,7; Parcels:      2; Health:  60.0; Health Usage: 100.0; Fuel: 182.0; Tile: ROAD
2019-05-31 20:46:47 INFO  Car - Speed:   1.0; Angle:  NORTH; Position:   8,8; Parcels:      2; Health:  60.0; Health Usage: 100.0; Fuel: 181.0; Tile: ROAD
2019-05-31 20:46:47 INFO  Car - Speed:   1.0; Angle:  NORTH; Position:   8,9; Parcels:      2; Health:  60.0; Health Usage: 100.0; Fuel: 180.0; Tile: ROAD
2019-05-31 20:46:47 INFO  Car - Speed:   1.0; Angle:   EAST; Position:   9,9; Parcels:      2; Health:  60.0; Health Usage: 100.0; Fuel: 179.0; Tile: ROAD
2019-05-31 20:46:48 INFO  Car - Speed:   1.0; Angle:   EAST; Position:  10,9; Parcels:      2; Health:  60.0; Health Usage: 100.0; Fuel: 178.0; Tile: ROAD
2019-05-31 20:46:48 INFO  Car - Speed:   1.0; Angle:   EAST; Position:  11,9; Parcels:      2; Health:  60.0; Health Usage: 100.0; Fuel: 177.0; Tile: ROAD
2019-05-31 20:46:48 INFO  Car - Speed:   1.0; Angle:   EAST; Position:  12,9; Parcels:      2; Health:  60.0; Health Usage: 100.0; Fuel: 176.0; Tile: ROAD
2019-05-31 20:46:48 INFO  Car - Speed:   1.0; Angle:   EAST; Position:  13,9; Parcels:      2; Health:  60.0; Health Usage: 100.0; Fuel: 175.0; Tile: ROAD
2019-05-31 20:46:48 INFO  Car - Speed:   1.0; Angle:   EAST; Position:  14,9; Parcels:      2; Health:  60.0; Health Usage: 100.0; Fuel: 174.0; Tile: ROAD
2019-05-31 20:46:48 INFO  Car - Speed:   1.0; Angle:   EAST; Position:  15,9; Parcels:      2; Health:  60.0; Health Usage: 100.0; Fuel: 173.0; Tile: ROAD
2019-05-31 20:46:48 INFO  Car - Speed:   1.0; Angle:   EAST; Position:  16,9; Parcels:      2; Health:  60.0; Health Usage: 100.0; Fuel: 172.0; Tile: ROAD
2019-05-31 20:46:48 INFO  Car - Speed:   1.0; Angle:   EAST; Position:  17,9; Parcels:      3; Health:  60.0; Health Usage: 100.0; Fuel: 171.0; Tile: ROAD
2019-05-31 20:46:48 INFO  Car - Speed:   0.0; Angle:   EAST; Position:  17,9; Parcels:      3; Health:  60.0; Health Usage: 100.0; Fuel: 171.0; Tile: ROAD
2019-05-31 20:46:48 INFO  Car - Speed:   1.0; Angle:   EAST; Position:  16,9; Parcels:      3; Health:  60.0; Health Usage: 100.0; Fuel: 170.0; Tile: ROAD
2019-05-31 20:46:48 INFO  Car - Speed:   1.0; Angle:   EAST; Position:  15,9; Parcels:      3; Health:  60.0; Health Usage: 100.0; Fuel: 169.0; Tile: ROAD
2019-05-31 20:46:48 INFO  Car - Speed:   1.0; Angle:   EAST; Position:  14,9; Parcels:      3; Health:  60.0; Health Usage: 100.0; Fuel: 168.0; Tile: ROAD
2019-05-31 20:46:49 INFO  Car - Speed:   1.0; Angle:   EAST; Position:  13,9; Parcels:      3; Health:  60.0; Health Usage: 100.0; Fuel: 167.0; Tile: ROAD
2019-05-31 20:46:49 INFO  Car - Speed:   1.0; Angle:   EAST; Position:  12,9; Parcels:      3; Health:  60.0; Health Usage: 100.0; Fuel: 166.0; Tile: ROAD
2019-05-31 20:46:49 INFO  Car - Speed:   1.0; Angle:   EAST; Position:  11,9; Parcels:      3; Health:  60.0; Health Usage: 100.0; Fuel: 165.0; Tile: ROAD
2019-05-31 20:46:49 INFO  Car - Speed:   1.0; Angle:   EAST; Position:  10,9; Parcels:      3; Health:  60.0; Health Usage: 100.0; Fuel: 164.0; Tile: ROAD
2019-05-31 20:46:49 INFO  Car - Speed:   1.0; Angle:   EAST; Position:   9,9; Parcels:      3; Health:  60.0; Health Usage: 100.0; Fuel: 163.0; Tile: ROAD
2019-05-31 20:46:49 INFO  Car - Speed:   1.0; Angle:   EAST; Position:   8,9; Parcels:      3; Health:  60.0; Health Usage: 100.0; Fuel: 162.0; Tile: ROAD
2019-05-31 20:46:49 INFO  Car - Speed:   1.0; Angle:  SOUTH; Position:  8,10; Parcels:      3; Health:  60.0; Health Usage: 100.0; Fuel: 161.0; Tile: ROAD
2019-05-31 20:46:49 INFO  Car - Speed:   1.0; Angle:  SOUTH; Position:  8,11; Parcels:      3; Health:  60.0; Health Usage: 100.0; Fuel: 160.0; Tile: ROAD
2019-05-31 20:46:49 INFO  Car - Speed:   1.0; Angle:  SOUTH; Position:  8,12; Parcels:      3; Health:  60.0; Health Usage: 100.0; Fuel: 159.0; Tile: ROAD
2019-05-31 20:46:49 INFO  Car - Speed:   1.0; Angle:  SOUTH; Position:  8,13; Parcels:      3; Health:  60.0; Health Usage: 100.0; Fuel: 158.0; Tile: ROAD
2019-05-31 20:46:49 INFO  Car - Speed:   1.0; Angle:  SOUTH; Position:  8,14; Parcels:      3; Health:  60.0; Health Usage: 100.0; Fuel: 157.0; Tile: ROAD
2019-05-31 20:46:49 INFO  Car - Speed:   1.0; Angle:   WEST; Position:  9,14; Parcels:      3; Health:  60.0; Health Usage: 100.0; Fuel: 156.0; Tile: ROAD
2019-05-31 20:46:50 INFO  Car - Speed:   1.0; Angle:   WEST; Position: 10,14; Parcels:      3; Health:  60.0; Health Usage: 100.0; Fuel: 155.0; Tile: ROAD
2019-05-31 20:46:50 INFO  Car - Speed:   1.0; Angle:   WEST; Position: 11,14; Parcels:      3; Health:  60.0; Health Usage: 100.0; Fuel: 154.0; Tile: ROAD
2019-05-31 20:46:50 INFO  Car - Speed:   1.0; Angle:   WEST; Position: 12,14; Parcels:      3; Health:  60.0; Health Usage: 100.0; Fuel: 153.0; Tile: ROAD
2019-05-31 20:46:50 INFO  Car - Speed:   1.0; Angle:   WEST; Position: 13,14; Parcels:      3; Health:  60.0; Health Usage: 100.0; Fuel: 152.0; Tile: ROAD
2019-05-31 20:46:50 INFO  Car - Speed:   1.0; Angle:  SOUTH; Position: 13,15; Parcels:      3; Health:  60.0; Health Usage: 100.0; Fuel: 151.0; Tile: ROAD
2019-05-31 20:46:50 INFO  Car - Speed:   1.0; Angle:   WEST; Position: 14,15; Parcels:      3; Health:  60.0; Health Usage: 100.0; Fuel: 150.0; Tile: ROAD
2019-05-31 20:46:50 INFO  Car - Speed:   1.0; Angle:   WEST; Position: 15,15; Parcels:      3; Health:  55.0; Health Usage: 100.0; Fuel: 149.0; Tile: TRAP(lava)
2019-05-31 20:46:50 INFO  Car - Speed:   1.0; Angle:   WEST; Position: 16,15; Parcels:      4; Health:  55.0; Health Usage: 100.0; Fuel: 148.0; Tile: ROAD
2019-05-31 20:46:50 INFO  Car - Speed:   0.0; Angle:   WEST; Position: 16,15; Parcels:      4; Health:  55.0; Health Usage: 100.0; Fuel: 148.0; Tile: ROAD
2019-05-31 20:46:50 INFO  Car - Speed:   1.0; Angle:   WEST; Position: 15,15; Parcels:      4; Health:  50.0; Health Usage: 100.0; Fuel: 147.0; Tile: TRAP(lava)
2019-05-31 20:46:50 INFO  Car - Speed:   1.0; Angle:   WEST; Position: 14,15; Parcels:      4; Health:  50.0; Health Usage: 100.0; Fuel: 146.0; Tile: ROAD
2019-05-31 20:46:50 INFO  Car - Speed:   1.0; Angle:   WEST; Position: 13,15; Parcels:      4; Health:  50.0; Health Usage: 100.0; Fuel: 145.0; Tile: ROAD
2019-05-31 20:46:51 INFO  Car - Speed:   1.0; Angle:  SOUTH; Position: 13,14; Parcels:      4; Health:  50.0; Health Usage: 100.0; Fuel: 144.0; Tile: ROAD
2019-05-31 20:46:51 INFO  Car - Speed:   1.0; Angle:   WEST; Position: 12,14; Parcels:      4; Health:  50.0; Health Usage: 100.0; Fuel: 143.0; Tile: ROAD
2019-05-31 20:46:51 INFO  Car - Speed:   1.0; Angle:   WEST; Position: 11,14; Parcels:      4; Health:  50.0; Health Usage: 100.0; Fuel: 142.0; Tile: ROAD
2019-05-31 20:46:51 INFO  Car - Speed:   1.0; Angle:   WEST; Position: 10,14; Parcels:      4; Health:  50.0; Health Usage: 100.0; Fuel: 141.0; Tile: ROAD
2019-05-31 20:46:51 INFO  Car - Speed:   1.0; Angle:   WEST; Position:  9,14; Parcels:      4; Health:  50.0; Health Usage: 100.0; Fuel: 140.0; Tile: ROAD
2019-05-31 20:46:51 INFO  Car - Speed:   1.0; Angle:   WEST; Position:  8,14; Parcels:      4; Health:  50.0; Health Usage: 100.0; Fuel: 139.0; Tile: ROAD
2019-05-31 20:46:51 INFO  Car - Speed:   1.0; Angle:  SOUTH; Position:  8,13; Parcels:      4; Health:  50.0; Health Usage: 100.0; Fuel: 138.0; Tile: ROAD
2019-05-31 20:46:51 INFO  Car - Speed:   1.0; Angle:  SOUTH; Position:  8,12; Parcels:      4; Health:  50.0; Health Usage: 100.0; Fuel: 137.0; Tile: ROAD
2019-05-31 20:46:51 INFO  Car - Speed:   1.0; Angle:  SOUTH; Position:  8,11; Parcels:      4; Health:  50.0; Health Usage: 100.0; Fuel: 136.0; Tile: ROAD
2019-05-31 20:46:51 INFO  Car - Speed:   1.0; Angle:  SOUTH; Position:  8,10; Parcels:      4; Health:  50.0; Health Usage: 100.0; Fuel: 135.0; Tile: ROAD
2019-05-31 20:46:51 INFO  Car - Speed:   1.0; Angle:  SOUTH; Position:   8,9; Parcels:      4; Health:  50.0; Health Usage: 100.0; Fuel: 134.0; Tile: ROAD
2019-05-31 20:46:51 INFO  Car - Speed:   1.0; Angle:  SOUTH; Position:   8,8; Parcels:      4; Health:  50.0; Health Usage: 100.0; Fuel: 133.0; Tile: ROAD
2019-05-31 20:46:52 INFO  Car - Speed:   1.0; Angle:  SOUTH; Position:   8,7; Parcels:      4; Health:  50.0; Health Usage: 100.0; Fuel: 132.0; Tile: ROAD
2019-05-31 20:46:52 INFO  Car - Speed:   1.0; Angle:  SOUTH; Position:   8,6; Parcels:      4; Health:  50.0; Health Usage: 100.0; Fuel: 131.0; Tile: ROAD
2019-05-31 20:46:52 INFO  Car - Speed:   1.0; Angle:  SOUTH; Position:   8,5; Parcels:      4; Health:  50.0; Health Usage: 100.0; Fuel: 130.0; Tile: ROAD
2019-05-31 20:46:52 INFO  Car - Speed:   1.0; Angle:   EAST; Position:   9,5; Parcels:      4; Health:  50.0; Health Usage: 100.0; Fuel: 129.0; Tile: ROAD
2019-05-31 20:46:52 INFO  Car - Speed:   1.0; Angle:   EAST; Position:  10,5; Parcels:      4; Health:  50.0; Health Usage: 100.0; Fuel: 128.0; Tile: ROAD
2019-05-31 20:46:52 INFO  Car - Speed:   1.0; Angle:   EAST; Position:  11,5; Parcels:      4; Health:  50.0; Health Usage: 100.0; Fuel: 127.0; Tile: ROAD
2019-05-31 20:46:52 INFO  Car - Speed:   1.0; Angle:   EAST; Position:  12,5; Parcels:      4; Health:  50.0; Health Usage: 100.0; Fuel: 126.0; Tile: ROAD
2019-05-31 20:46:52 INFO  Car - Speed:   1.0; Angle:   EAST; Position:  13,5; Parcels:      4; Health:  50.0; Health Usage: 100.0; Fuel: 125.0; Tile: ROAD
2019-05-31 20:46:52 INFO  Car - Speed:   1.0; Angle:   EAST; Position:  14,5; Parcels:      4; Health:  50.0; Health Usage: 100.0; Fuel: 124.0; Tile: ROAD
2019-05-31 20:46:52 INFO  Car - Speed:   1.0; Angle:   EAST; Position:  15,5; Parcels:      4; Health:  50.0; Health Usage: 100.0; Fuel: 123.0; Tile: ROAD
2019-05-31 20:46:52 INFO  Car - Speed:   1.0; Angle:   EAST; Position:  16,5; Parcels:      4; Health:  50.0; Health Usage: 100.0; Fuel: 122.0; Tile: ROAD
2019-05-31 20:46:52 INFO  Car - Speed:   1.0; Angle:   EAST; Position:  17,5; Parcels:      4; Health:  50.0; Health Usage: 100.0; Fuel: 121.0; Tile: ROAD
2019-05-31 20:46:53 INFO  Car - Speed:   1.0; Angle:   EAST; Position:  18,5; Parcels:      4; Health:  45.0; Health Usage: 100.0; Fuel: 120.0; Tile: TRAP(lava)
2019-05-31 20:46:53 INFO  Car - Speed:   1.0; Angle:   EAST; Position:  19,5; Parcels:      4; Health:  40.0; Health Usage: 100.0; Fuel: 119.0; Tile: TRAP(lava)
2019-05-31 20:46:53 INFO  Car - Speed:   1.0; Angle:   EAST; Position:  20,5; Parcels:      4; Health:  40.0; Health Usage: 100.0; Fuel: 118.0; Tile: ROAD
2019-05-31 20:46:53 INFO  Car - Speed:   1.0; Angle:  NORTH; Position:  20,6; Parcels:      4; Health:  40.0; Health Usage: 100.0; Fuel: 117.0; Tile: ROAD
2019-05-31 20:46:53 INFO  Car - Speed:   1.0; Angle:  NORTH; Position:  20,7; Parcels:      4; Health:  40.0; Health Usage: 100.0; Fuel: 116.0; Tile: ROAD
2019-05-31 20:46:53 INFO  Car - Speed:   1.0; Angle:  NORTH; Position:  20,8; Parcels:      4; Health:  40.0; Health Usage: 100.0; Fuel: 115.0; Tile: ROAD
2019-05-31 20:46:53 INFO  Car - Speed:   1.0; Angle:  NORTH; Position:  20,9; Parcels:      4; Health:  40.0; Health Usage: 100.0; Fuel: 114.0; Tile: ROAD
2019-05-31 20:46:53 INFO  Car - Speed:   1.0; Angle:  NORTH; Position: 20,10; Parcels:      4; Health:  40.0; Health Usage: 100.0; Fuel: 113.0; Tile: ROAD
2019-05-31 20:46:53 INFO  Car - Speed:   1.0; Angle:  NORTH; Position: 20,11; Parcels:      4; Health:  40.0; Health Usage: 100.0; Fuel: 112.0; Tile: ROAD
2019-05-31 20:46:53 INFO  Car - Speed:   1.0; Angle:  NORTH; Position: 20,12; Parcels:      4; Health:  40.0; Health Usage: 100.0; Fuel: 111.0; Tile: ROAD
2019-05-31 20:46:53 INFO  Car - Speed:   1.0; Angle:  NORTH; Position: 20,13; Parcels:      4; Health:  40.0; Health Usage: 100.0; Fuel: 110.0; Tile: ROAD
2019-05-31 20:46:53 INFO  Car - Speed:   1.0; Angle:  NORTH; Position: 20,14; Parcels:      4; Health:  40.0; Health Usage: 100.0; Fuel: 109.0; Tile: ROAD
2019-05-31 20:46:54 INFO  Car - Speed:   1.0; Angle:  NORTH; Position: 20,15; Parcels:      4; Health:  35.0; Health Usage: 100.0; Fuel: 108.0; Tile: TRAP(lava)
2019-05-31 20:46:54 INFO  Car - Speed:   1.0; Angle:  NORTH; Position: 20,16; Parcels:      4; Health:  30.0; Health Usage: 100.0; Fuel: 107.0; Tile: TRAP(lava)
2019-05-31 20:46:54 INFO  Car - Speed:   1.0; Angle:  NORTH; Position: 20,17; Parcels:      4; Health:  25.0; Health Usage: 100.0; Fuel: 106.0; Tile: TRAP(lava)
2019-05-31 20:46:54 INFO  Car - Speed:   1.0; Angle:  NORTH; Position: 20,18; Parcels:      4; Health:  20.0; Health Usage: 100.0; Fuel: 105.0; Tile: TRAP(lava)
2019-05-31 20:46:54 INFO  Car - Speed:   1.0; Angle:   EAST; Position: 21,18; Parcels:      4; Health:  15.0; Health Usage: 100.0; Fuel: 104.0; Tile: TRAP(lava)
2019-05-31 20:46:54 INFO  Car - Speed:   1.0; Angle:   EAST; Position: 22,18; Parcels:      4; Health:  15.0; Health Usage: 100.0; Fuel: 103.0; Tile: FINISH
